<?xml version="1.0" encoding="UTF-8"?>
<testng-results ignored="0" total="2" passed="2" failed="0" skipped="0">
  <reporter-output>
  </reporter-output>
  <suite started-at="2026-02-20T09:41:08 IST" name="Suite" finished-at="2026-02-20T09:41:59 IST" duration-ms="50835">
    <groups>
    </groups>
    <test started-at="2026-02-20T09:41:08 IST" name="Test" finished-at="2026-02-20T09:41:59 IST" duration-ms="50835">
      <class name="runner.TC001_Login">
        <test-method is-config="true" signature="preCondition()[pri:0, instance:runner.TC001_Login@14cd1699]" started-at="2026-02-20T09:41:08 IST" name="preCondition" finished-at="2026-02-20T09:41:13 IST" duration-ms="4425" status="PASS">
          <reporter-output>
          </reporter-output>
        </test-method> <!-- preCondition -->
        <test-method signature="runLoginTest()[pri:0, instance:runner.TC001_Login@14cd1699]" started-at="2026-02-20T09:41:13 IST" name="runLoginTest" finished-at="2026-02-20T09:41:13 IST" duration-ms="511" status="PASS">
          <reporter-output>
          </reporter-output>
        </test-method> <!-- runLoginTest -->
        <test-method is-config="true" signature="postCondition()[pri:0, instance:runner.TC001_Login@14cd1699]" started-at="2026-02-20T09:41:13 IST" name="postCondition" finished-at="2026-02-20T09:41:22 IST" duration-ms="8626" status="PASS">
          <reporter-output>
          </reporter-output>
        </test-method> <!-- postCondition -->
      </class> <!-- runner.TC001_Login -->
      <class name="runner.TC002_CreateLead">
        <test-method is-config="true" signature="preCondition()[pri:0, instance:runner.TC002_CreateLead@7586beff]" started-at="2026-02-20T09:41:22 IST" name="preCondition" finished-at="2026-02-20T09:41:26 IST" duration-ms="3709" status="PASS">
          <reporter-output>
          </reporter-output>
        </test-method> <!-- preCondition -->
        <test-method signature="runCreateLeatTest()[pri:0, instance:runner.TC002_CreateLead@7586beff]" started-at="2026-02-20T09:41:26 IST" name="runCreateLeatTest" finished-at="2026-02-20T09:41:29 IST" duration-ms="3400" status="PASS">
          <reporter-output>
          </reporter-output>
        </test-method> <!-- runCreateLeatTest -->
        <test-method is-config="true" signature="postCondition()[pri:0, instance:runner.TC002_CreateLead@7586beff]" started-at="2026-02-20T09:41:29 IST" name="postCondition" finished-at="2026-02-20T09:41:59 IST" duration-ms="30048" status="PASS">
          <reporter-output>
          </reporter-output>
        </test-method> <!-- postCondition -->
      </class> <!-- runner.TC002_CreateLead -->
    </test> <!-- Test -->
  </suite> <!-- Suite -->
</testng-results>
