<?xml version="1.0" encoding="UTF-8"?>
<testng-results ignored="0" total="2" passed="2" failed="0" skipped="0">
  <reporter-output>
  </reporter-output>
  <suite started-at="2025-12-10T11:51:24 IST" name="Suite" finished-at="2025-12-10T11:51:40 IST" duration-ms="15432">
    <groups>
    </groups>
    <test started-at="2025-12-10T11:51:24 IST" name="Test" finished-at="2025-12-10T11:51:40 IST" duration-ms="15432">
      <class name="runner.TC001_Login">
        <test-method is-config="true" signature="preCondition()[pri:0, instance:runner.TC001_Login@1c5920df]" started-at="2025-12-10T11:51:24 IST" name="preCondition" finished-at="2025-12-10T11:51:29 IST" duration-ms="4517" status="PASS">
          <reporter-output>
          </reporter-output>
        </test-method> <!-- preCondition -->
        <test-method signature="runLoginTest()[pri:0, instance:runner.TC001_Login@1c5920df]" started-at="2025-12-10T11:51:29 IST" name="runLoginTest" finished-at="2025-12-10T11:51:29 IST" duration-ms="574" status="PASS">
          <reporter-output>
          </reporter-output>
        </test-method> <!-- runLoginTest -->
        <test-method is-config="true" signature="postCondition()[pri:0, instance:runner.TC001_Login@1c5920df]" started-at="2025-12-10T11:51:29 IST" name="postCondition" finished-at="2025-12-10T11:51:31 IST" duration-ms="1283" status="PASS">
          <reporter-output>
          </reporter-output>
        </test-method> <!-- postCondition -->
      </class> <!-- runner.TC001_Login -->
      <class name="runner.TC002_CreateLead">
        <test-method is-config="true" signature="preCondition()[pri:0, instance:runner.TC002_CreateLead@76494737]" started-at="2025-12-10T11:51:31 IST" name="preCondition" finished-at="2025-12-10T11:51:35 IST" duration-ms="4022" status="PASS">
          <reporter-output>
          </reporter-output>
        </test-method> <!-- preCondition -->
        <test-method signature="runCreateLeatTest()[pri:0, instance:runner.TC002_CreateLead@76494737]" started-at="2025-12-10T11:51:35 IST" name="runCreateLeatTest" finished-at="2025-12-10T11:51:38 IST" duration-ms="3532" status="PASS">
          <reporter-output>
          </reporter-output>
        </test-method> <!-- runCreateLeatTest -->
        <test-method is-config="true" signature="postCondition()[pri:0, instance:runner.TC002_CreateLead@76494737]" started-at="2025-12-10T11:51:38 IST" name="postCondition" finished-at="2025-12-10T11:51:40 IST" duration-ms="1453" status="PASS">
          <reporter-output>
          </reporter-output>
        </test-method> <!-- postCondition -->
      </class> <!-- runner.TC002_CreateLead -->
    </test> <!-- Test -->
  </suite> <!-- Suite -->
</testng-results>
